\BOOKMARK [1][-]{section*.2}{IO}{}% 1
\BOOKMARK [2][-]{section*.3}{C++ Input/Output/Limits}{section*.2}% 2
\BOOKMARK [1][-]{section*.4}{Computations}{}% 3
\BOOKMARK [2][-]{section*.5}{Greatest Common Divisor}{section*.4}% 4
\BOOKMARK [2][-]{section*.6}{Binomial Coefficients}{section*.4}% 5
\BOOKMARK [1][-]{section*.7}{Data Structures}{}% 6
\BOOKMARK [2][-]{section*.8}{Union Find}{section*.7}% 7
\BOOKMARK [1][-]{section*.9}{Math-Stuff}{}% 8
\BOOKMARK [2][-]{section*.10}{Euclid-Stuff}{section*.9}% 9
\BOOKMARK [2][-]{section*.11}{Gauss-Jordan}{section*.9}% 10
\BOOKMARK [2][-]{section*.12}{Collected Binomials}{section*.9}% 11
\BOOKMARK [1][-]{section*.13}{Shortest Paths}{}% 12
\BOOKMARK [2][-]{section*.14}{Floyd-Warshall}{section*.13}% 13
\BOOKMARK [2][-]{section*.15}{Dijkstra/Java}{section*.13}% 14
\BOOKMARK [2][-]{section*.16}{Bellman-Ford/Java}{section*.13}% 15
\BOOKMARK [1][-]{section*.17}{Flow}{}% 16
\BOOKMARK [2][-]{section*.18}{MaxFlow Push-Relabel}{section*.17}% 17
\BOOKMARK [1][-]{section*.19}{Matching}{}% 18
\BOOKMARK [2][-]{section*.20}{Max Bipartite Matching}{section*.19}% 19
\BOOKMARK [1][-]{section*.21}{Graph Stuff}{}% 20
\BOOKMARK [2][-]{section*.22}{Strongly Connected Components}{section*.21}% 21
\BOOKMARK [2][-]{section*.23}{Topological Sort}{section*.21}% 22
\BOOKMARK [2][-]{section*.24}{Br\303\274cken - Artikulationspunkte}{section*.21}% 23
\BOOKMARK [1][-]{section*.25}{Strings}{}% 24
\BOOKMARK [2][-]{section*.26}{Suffix Array}{section*.25}% 25
\BOOKMARK [2][-]{section*.27}{Knuth-Morris-Pratt Algorithm}{section*.25}% 26
\BOOKMARK [1][-]{section*.28}{Geometry}{}% 27
\BOOKMARK [2][-]{section*.29}{Geometry/C++}{section*.28}% 28
\BOOKMARK [2][-]{section*.30}{Geometry/Java}{section*.28}% 29
\BOOKMARK [2][-]{section*.31}{Graham Scan \205 Konvexe Huelle}{section*.28}% 30
\BOOKMARK [2][-]{section*.32}{Delaunay Triangulation}{section*.28}% 31
\BOOKMARK [1][-]{section*.33}{Trees}{}% 32
\BOOKMARK [2][-]{section*.34}{Binary Indexed Tree}{section*.33}% 33
\BOOKMARK [2][-]{section*.35}{Segment Tree}{section*.33}% 34
\BOOKMARK [2][-]{section*.36}{KD-tree}{section*.33}% 35
\BOOKMARK [1][-]{section*.37}{Misc}{}% 36
\BOOKMARK [2][-]{section*.38}{Longest Increasing Subsequence}{section*.37}% 37
\BOOKMARK [2][-]{section*.39}{Simulated Annealing}{section*.37}% 38
\BOOKMARK [2][-]{section*.40}{Simplex Algorithm}{section*.37}% 39
\BOOKMARK [2][-]{section*.41}{Dates}{section*.37}% 40
\BOOKMARK [2][-]{section*.42}{Primes}{section*.37}% 41
\BOOKMARK [2][-]{section*.43}{LatLon}{section*.37}% 42
\BOOKMARK [1][-]{lstnumber.-30.39}{Theoretical CS Cheat Sheet}{}% 43
